app/build/intermediates/manifest_merge_blame_file/debug/processDebugMainManifest/manifest-merger-blame-debug-report.txt
1<?xml version="1.0" encoding="utf-8"?>
2<manifest xmlns:android="http://schemas.android.com/apk/res/android"
3    package="com.attendease"
4    android:versionCode="1"
5    android:versionName="1.0" >
6
7    <uses-sdk
8        android:minSdkVersion="26"
9        android:targetSdkVersion="34" />
10
11    <uses-permission android:name="android.permission.ACCESS_COARSE_LOCATION" />
11-->src/main/AndroidManifest.xml:4:5-81
11-->src/main/AndroidManifest.xml:4:22-78
12    <uses-permission android:name="android.permission.ACCESS_FINE_LOCATION" />
12-->src/main/AndroidManifest.xml:5:5-79
12-->src/main/AndroidManifest.xml:5:22-76
13    <uses-permission android:name="android.permission.ACCESS_BACKGROUND_LOCATION" />
13-->src/main/AndroidManifest.xml:6:5-85
13-->src/main/AndroidManifest.xml:6:22-82
14    <uses-permission android:name="android.permission.POST_NOTIFICATIONS" />
14-->src/main/AndroidManifest.xml:7:5-77
14-->src/main/AndroidManifest.xml:7:22-74
15    <uses-permission android:name="android.permission.WAKE_LOCK" />
15-->[androidx.work:work-runtime:2.9.0] AndroidManifest.xml:23:5-68
15-->[androidx.work:work-runtime:2.9.0] AndroidManifest.xml:23:22-65
16    <uses-permission android:name="android.permission.ACCESS_NETWORK_STATE" />
16-->[androidx.work:work-runtime:2.9.0] AndroidManifest.xml:24:5-79
16-->[androidx.work:work-runtime:2.9.0] AndroidManifest.xml:24:22-76
17    <uses-permission android:name="android.permission.RECEIVE_BOOT_COMPLETED" />
17-->[androidx.work:work-runtime:2.9.0] AndroidManifest.xml:25:5-81
17-->[androidx.work:work-runtime:2.9.0] AndroidManifest.xml:25:22-78
18    <uses-permission android:name="android.permission.FOREGROUND_SERVICE" />
18-->[androidx.work:work-runtime:2.9.0] AndroidManifest.xml:26:5-77
18-->[androidx.work:work-runtime:2.9.0] AndroidManifest.xml:26:22-74
19
20    <permission
20-->[androidx.core:core:1.13.1] AndroidManifest.xml:22:5-24:47
21        android:name="com.attendease.DYNAMIC_RECEIVER_NOT_EXPORTED_PERMISSION"
21-->[androidx.core:core:1.13.1] AndroidManifest.xml:23:9-81
22        android:protectionLevel="signature" />
22-->[androidx.core:core:1.13.1] AndroidManifest.xml:24:9-44
23
24    <uses-permission android:name="com.attendease.DYNAMIC_RECEIVER_NOT_EXPORTED_PERMISSION" />
24-->[androidx.core:core:1.13.1] AndroidManifest.xml:26:5-97
24-->[androidx.core:core:1.13.1] AndroidManifest.xml:26:22-94
25
26    <supports-screens
26-->[org.osmdroid:osmdroid-android:6.1.18] AndroidManifest.xml:9:5-12:40
27        android:anyDensity="true"
27-->[org.osmdroid:osmdroid-android:6.1.18] AndroidManifest.xml:10:9-34
28        android:largeScreens="true"
28-->[org.osmdroid:osmdroid-android:6.1.18] AndroidManifest.xml:11:9-36
29        android:normalScreens="true" />
29-->[org.osmdroid:osmdroid-android:6.1.18] AndroidManifest.xml:12:9-37
30
31    <uses-feature
31-->[org.osmdroid:osmdroid-android:6.1.18] AndroidManifest.xml:14:5-16:36
32        android:name="android.hardware.location.network"
32-->[org.osmdroid:osmdroid-android:6.1.18] AndroidManifest.xml:15:9-57
33        android:required="false" />
33-->[org.osmdroid:osmdroid-android:6.1.18] AndroidManifest.xml:16:9-33
34    <uses-feature
34-->[org.osmdroid:osmdroid-android:6.1.18] AndroidManifest.xml:17:5-19:36
35        android:name="android.hardware.location.gps"
35-->[org.osmdroid:osmdroid-android:6.1.18] AndroidManifest.xml:18:9-53
36        android:required="false" />
36-->[org.osmdroid:osmdroid-android:6.1.18] AndroidManifest.xml:19:9-33
37    <uses-feature
37-->[org.osmdroid:osmdroid-android:6.1.18] AndroidManifest.xml:20:5-22:36
38        android:name="android.hardware.telephony"
38-->[org.osmdroid:osmdroid-android:6.1.18] AndroidManifest.xml:21:9-50
39        android:required="false" />
39-->[org.osmdroid:osmdroid-android:6.1.18] AndroidManifest.xml:22:9-33
40    <uses-feature
40-->[org.osmdroid:osmdroid-android:6.1.18] AndroidManifest.xml:23:5-25:36
41        android:name="android.hardware.wifi"
41-->[org.osmdroid:osmdroid-android:6.1.18] AndroidManifest.xml:24:9-45
42        android:required="false" />
42-->[org.osmdroid:osmdroid-android:6.1.18] AndroidManifest.xml:25:9-33
43
44    <application
44-->src/main/AndroidManifest.xml:9:5-24:19
45        android:name="com.attendease.AttendEaseApp"
45-->src/main/AndroidManifest.xml:10:9-38
46        android:allowBackup="true"
46-->src/main/AndroidManifest.xml:11:9-35
47        android:appComponentFactory="androidx.core.app.CoreComponentFactory"
47-->[androidx.core:core:1.13.1] AndroidManifest.xml:28:18-86
48        android:debuggable="true"
49        android:extractNativeLibs="false"
50        android:label="@string/app_name"
50-->src/main/AndroidManifest.xml:12:9-41
51        android:supportsRtl="true"
51-->src/main/AndroidManifest.xml:13:9-35
52        android:theme="@style/Theme.AttendEase" >
52-->src/main/AndroidManifest.xml:14:9-48
53        <activity
53-->src/main/AndroidManifest.xml:15:9-23:20
54            android:name="com.attendease.MainActivity"
54-->src/main/AndroidManifest.xml:16:13-41
55            android:exported="true"
55-->src/main/AndroidManifest.xml:17:13-36
56            android:theme="@style/Theme.AttendEase" >
56-->src/main/AndroidManifest.xml:18:13-52
57            <intent-filter>
57-->src/main/AndroidManifest.xml:19:13-22:29
58                <action android:name="android.intent.action.MAIN" />
58-->src/main/AndroidManifest.xml:20:17-69
58-->src/main/AndroidManifest.xml:20:25-66
59
60                <category android:name="android.intent.category.LAUNCHER" />
60-->src/main/AndroidManifest.xml:21:17-77
60-->src/main/AndroidManifest.xml:21:27-74
61            </intent-filter>
62        </activity>
63
64        <provider
64-->[androidx.work:work-runtime:2.9.0] AndroidManifest.xml:29:9-37:20
65            android:name="androidx.startup.InitializationProvider"
65-->[androidx.work:work-runtime:2.9.0] AndroidManifest.xml:30:13-67
66            android:authorities="com.attendease.androidx-startup"
66-->[androidx.work:work-runtime:2.9.0] AndroidManifest.xml:31:13-68
67            android:exported="false" >
67-->[androidx.work:work-runtime:2.9.0] AndroidManifest.xml:32:13-37
68            <meta-data
68-->[androidx.work:work-runtime:2.9.0] AndroidManifest.xml:34:13-36:52
69                android:name="androidx.work.WorkManagerInitializer"
69-->[androidx.work:work-runtime:2.9.0] AndroidManifest.xml:35:17-68
70                android:value="androidx.startup" />
70-->[androidx.work:work-runtime:2.9.0] AndroidManifest.xml:36:17-49
71            <meta-data
71-->[androidx.emoji2:emoji2:1.3.0] AndroidManifest.xml:29:13-31:52
72                android:name="androidx.emoji2.text.EmojiCompatInitializer"
72-->[androidx.emoji2:emoji2:1.3.0] AndroidManifest.xml:30:17-75
73                android:value="androidx.startup" />
73-->[androidx.emoji2:emoji2:1.3.0] AndroidManifest.xml:31:17-49
74            <meta-data
74-->[androidx.lifecycle:lifecycle-process:2.8.0] AndroidManifest.xml:29:13-31:52
75                android:name="androidx.lifecycle.ProcessLifecycleInitializer"
75-->[androidx.lifecycle:lifecycle-process:2.8.0] AndroidManifest.xml:30:17-78
76                android:value="androidx.startup" />
76-->[androidx.lifecycle:lifecycle-process:2.8.0] AndroidManifest.xml:31:17-49
77            <meta-data
77-->[androidx.profileinstaller:profileinstaller:1.3.1] AndroidManifest.xml:29:13-31:52
78                android:name="androidx.profileinstaller.ProfileInstallerInitializer"
78-->[androidx.profileinstaller:profileinstaller:1.3.1] AndroidManifest.xml:30:17-85
79                android:value="androidx.startup" />
79-->[androidx.profileinstaller:profileinstaller:1.3.1] AndroidManifest.xml:31:17-49
80        </provider>
81
82        <service
82-->[androidx.work:work-runtime:2.9.0] AndroidManifest.xml:39:9-45:35
83            android:name="androidx.work.impl.background.systemalarm.SystemAlarmService"
83-->[androidx.work:work-runtime:2.9.0] AndroidManifest.xml:40:13-88
84            android:directBootAware="false"
84-->[androidx.work:work-runtime:2.9.0] AndroidManifest.xml:41:13-44
85            android:enabled="@bool/enable_system_alarm_service_default"
85-->[androidx.work:work-runtime:2.9.0] AndroidManifest.xml:42:13-72
86            android:exported="false" />
86-->[androidx.work:work-runtime:2.9.0] AndroidManifest.xml:43:13-37
87        <service
87-->[androidx.work:work-runtime:2.9.0] AndroidManifest.xml:46:9-52:35
88            android:name="androidx.work.impl.background.systemjob.SystemJobService"
88-->[androidx.work:work-runtime:2.9.0] AndroidManifest.xml:47:13-84
89            android:directBootAware="false"
89-->[androidx.work:work-runtime:2.9.0] AndroidManifest.xml:48:13-44
90            android:enabled="@bool/enable_system_job_service_default"
90-->[androidx.work:work-runtime:2.9.0] AndroidManifest.xml:49:13-70
91            android:exported="true"
91-->[androidx.work:work-runtime:2.9.0] AndroidManifest.xml:50:13-36
92            android:permission="android.permission.BIND_JOB_SERVICE" />
92-->[androidx.work:work-runtime:2.9.0] AndroidManifest.xml:51:13-69
93        <service
93-->[androidx.work:work-runtime:2.9.0] AndroidManifest.xml:53:9-59:35
94            android:name="androidx.work.impl.foreground.SystemForegroundService"
94-->[androidx.work:work-runtime:2.9.0] AndroidManifest.xml:54:13-81
95            android:directBootAware="false"
95-->[androidx.work:work-runtime:2.9.0] AndroidManifest.xml:55:13-44
96            android:enabled="@bool/enable_system_foreground_service_default"
96-->[androidx.work:work-runtime:2.9.0] AndroidManifest.xml:56:13-77
97            android:exported="false" />
97-->[androidx.work:work-runtime:2.9.0] AndroidManifest.xml:57:13-37
98
99        <receiver
99-->[androidx.work:work-runtime:2.9.0] AndroidManifest.xml:61:9-66:35
100            android:name="androidx.work.impl.utils.ForceStopRunnable$BroadcastReceiver"
100-->[androidx.work:work-runtime:2.9.0] AndroidManifest.xml:62:13-88
101            android:directBootAware="false"
101-->[androidx.work:work-runtime:2.9.0] AndroidManifest.xml:63:13-44
102            android:enabled="true"
102-->[androidx.work:work-runtime:2.9.0] AndroidManifest.xml:64:13-35
103            android:exported="false" />
103-->[androidx.work:work-runtime:2.9.0] AndroidManifest.xml:65:13-37
104        <receiver
104-->[androidx.work:work-runtime:2.9.0] AndroidManifest.xml:67:9-77:20
105            android:name="androidx.work.impl.background.systemalarm.ConstraintProxy$BatteryChargingProxy"
105-->[androidx.work:work-runtime:2.9.0] AndroidManifest.xml:68:13-106
106            android:directBootAware="false"
106-->[androidx.work:work-runtime:2.9.0] AndroidManifest.xml:69:13-44
107            android:enabled="false"
107-->[androidx.work:work-runtime:2.9.0] AndroidManifest.xml:70:13-36
108            android:exported="false" >
108-->[androidx.work:work-runtime:2.9.0] AndroidManifest.xml:71:13-37
109            <intent-filter>
109-->[androidx.work:work-runtime:2.9.0] AndroidManifest.xml:73:13-76:29
110                <action android:name="android.intent.action.ACTION_POWER_CONNECTED" />
110-->[androidx.work:work-runtime:2.9.0] AndroidManifest.xml:74:17-87
110-->[androidx.work:work-runtime:2.9.0] AndroidManifest.xml:74:25-84
111                <action android:name="android.intent.action.ACTION_POWER_DISCONNECTED" />
111-->[androidx.work:work-runtime:2.9.0] AndroidManifest.xml:75:17-90
111-->[androidx.work:work-runtime:2.9.0] AndroidManifest.xml:75:25-87
112            </intent-filter>
113        </receiver>
114        <receiver
114-->[androidx.work:work-runtime:2.9.0] AndroidManifest.xml:78:9-88:20
115            android:name="androidx.work.impl.background.systemalarm.ConstraintProxy$BatteryNotLowProxy"
115-->[androidx.work:work-runtime:2.9.0] AndroidManifest.xml:79:13-104
116            android:directBootAware="false"
116-->[androidx.work:work-runtime:2.9.0] AndroidManifest.xml:80:13-44
117            android:enabled="false"
117-->[androidx.work:work-runtime:2.9.0] AndroidManifest.xml:81:13-36
118            android:exported="false" >
118-->[androidx.work:work-runtime:2.9.0] AndroidManifest.xml:82:13-37
119            <intent-filter>
119-->[androidx.work:work-runtime:2.9.0] AndroidManifest.xml:84:13-87:29
120                <action android:name="android.intent.action.BATTERY_OKAY" />
120-->[androidx.work:work-runtime:2.9.0] AndroidManifest.xml:85:17-77
120-->[androidx.work:work-runtime:2.9.0] AndroidManifest.xml:85:25-74
121                <action android:name="android.intent.action.BATTERY_LOW" />
121-->[androidx.work:work-runtime:2.9.0] AndroidManifest.xml:86:17-76
121-->[androidx.work:work-runtime:2.9.0] AndroidManifest.xml:86:25-73
122            </intent-filter>
123        </receiver>
124        <receiver
124-->[androidx.work:work-runtime:2.9.0] AndroidManifest.xml:89:9-99:20
125            android:name="androidx.work.impl.background.systemalarm.ConstraintProxy$StorageNotLowProxy"
125-->[androidx.work:work-runtime:2.9.0] AndroidManifest.xml:90:13-104
126            android:directBootAware="false"
126-->[androidx.work:work-runtime:2.9.0] AndroidManifest.xml:91:13-44
127            android:enabled="false"
127-->[androidx.work:work-runtime:2.9.0] AndroidManifest.xml:92:13-36
128            android:exported="false" >
128-->[androidx.work:work-runtime:2.9.0] AndroidManifest.xml:93:13-37
129            <intent-filter>
129-->[androidx.work:work-runtime:2.9.0] AndroidManifest.xml:95:13-98:29
130                <action android:name="android.intent.action.DEVICE_STORAGE_LOW" />
130-->[androidx.work:work-runtime:2.9.0] AndroidManifest.xml:96:17-83
130-->[androidx.work:work-runtime:2.9.0] AndroidManifest.xml:96:25-80
131                <action android:name="android.intent.action.DEVICE_STORAGE_OK" />
131-->[androidx.work:work-runtime:2.9.0] AndroidManifest.xml:97:17-82
131-->[androidx.work:work-runtime:2.9.0] AndroidManifest.xml:97:25-79
132            </intent-filter>
133        </receiver>
134        <receiver
134-->[androidx.work:work-runtime:2.9.0] AndroidManifest.xml:100:9-109:20
135            android:name="androidx.work.impl.background.systemalarm.ConstraintProxy$NetworkStateProxy"
135-->[androidx.work:work-runtime:2.9.0] AndroidManifest.xml:101:13-103
136            android:directBootAware="false"
136-->[androidx.work:work-runtime:2.9.0] AndroidManifest.xml:102:13-44
137            android:enabled="false"
137-->[androidx.work:work-runtime:2.9.0] AndroidManifest.xml:103:13-36
138            android:exported="false" >
138-->[androidx.work:work-runtime:2.9.0] AndroidManifest.xml:104:13-37
139            <intent-filter>
139-->[androidx.work:work-runtime:2.9.0] AndroidManifest.xml:106:13-108:29
140                <action android:name="android.net.conn.CONNECTIVITY_CHANGE" />
140-->[androidx.work:work-runtime:2.9.0] AndroidManifest.xml:107:17-79
140-->[androidx.work:work-runtime:2.9.0] AndroidManifest.xml:107:25-76
141            </intent-filter>
142        </receiver>
143        <receiver
143-->[androidx.work:work-runtime:2.9.0] AndroidManifest.xml:110:9-121:20
144            android:name="androidx.work.impl.background.systemalarm.RescheduleReceiver"
144-->[androidx.work:work-runtime:2.9.0] AndroidManifest.xml:111:13-88
145            android:directBootAware="false"
145-->[androidx.work:work-runtime:2.9.0] AndroidManifest.xml:112:13-44
146            android:enabled="false"
146-->[androidx.work:work-runtime:2.9.0] AndroidManifest.xml:113:13-36
147            android:exported="false" >
147-->[androidx.work:work-runtime:2.9.0] AndroidManifest.xml:114:13-37
148            <intent-filter>
148-->[androidx.work:work-runtime:2.9.0] AndroidManifest.xml:116:13-120:29
149                <action android:name="android.intent.action.BOOT_COMPLETED" />
149-->[androidx.work:work-runtime:2.9.0] AndroidManifest.xml:117:17-79
149-->[androidx.work:work-runtime:2.9.0] AndroidManifest.xml:117:25-76
150                <action android:name="android.intent.action.TIME_SET" />
150-->[androidx.work:work-runtime:2.9.0] AndroidManifest.xml:118:17-73
150-->[androidx.work:work-runtime:2.9.0] AndroidManifest.xml:118:25-70
151                <action android:name="android.intent.action.TIMEZONE_CHANGED" />
151-->[androidx.work:work-runtime:2.9.0] AndroidManifest.xml:119:17-81
151-->[androidx.work:work-runtime:2.9.0] AndroidManifest.xml:119:25-78
152            </intent-filter>
153        </receiver>
154        <receiver
154-->[androidx.work:work-runtime:2.9.0] AndroidManifest.xml:122:9-131:20
155            android:name="androidx.work.impl.background.systemalarm.ConstraintProxyUpdateReceiver"
155-->[androidx.work:work-runtime:2.9.0] AndroidManifest.xml:123:13-99
156            android:directBootAware="false"
156-->[androidx.work:work-runtime:2.9.0] AndroidManifest.xml:124:13-44
157            android:enabled="@bool/enable_system_alarm_service_default"
157-->[androidx.work:work-runtime:2.9.0] AndroidManifest.xml:125:13-72
158            android:exported="false" >
158-->[androidx.work:work-runtime:2.9.0] AndroidManifest.xml:126:13-37
159            <intent-filter>
159-->[androidx.work:work-runtime:2.9.0] AndroidManifest.xml:128:13-130:29
160                <action android:name="androidx.work.impl.background.systemalarm.UpdateProxies" />
160-->[androidx.work:work-runtime:2.9.0] AndroidManifest.xml:129:17-98
160-->[androidx.work:work-runtime:2.9.0] AndroidManifest.xml:129:25-95
161            </intent-filter>
162        </receiver>
163        <receiver
163-->[androidx.work:work-runtime:2.9.0] AndroidManifest.xml:132:9-142:20
164            android:name="androidx.work.impl.diagnostics.DiagnosticsReceiver"
164-->[androidx.work:work-runtime:2.9.0] AndroidManifest.xml:133:13-78
165            android:directBootAware="false"
165-->[androidx.work:work-runtime:2.9.0] AndroidManifest.xml:134:13-44
166            android:enabled="true"
166-->[androidx.work:work-runtime:2.9.0] AndroidManifest.xml:135:13-35
167            android:exported="true"
167-->[androidx.work:work-runtime:2.9.0] AndroidManifest.xml:136:13-36
168            android:permission="android.permission.DUMP" >
168-->[androidx.work:work-runtime:2.9.0] AndroidManifest.xml:137:13-57
169            <intent-filter>
169-->[androidx.work:work-runtime:2.9.0] AndroidManifest.xml:139:13-141:29
170                <action android:name="androidx.work.diagnostics.REQUEST_DIAGNOSTICS" />
170-->[androidx.work:work-runtime:2.9.0] AndroidManifest.xml:140:17-88
170-->[androidx.work:work-runtime:2.9.0] AndroidManifest.xml:140:25-85
171            </intent-filter>
172        </receiver>
173
174        <service
174-->[androidx.room:room-runtime:2.6.1] AndroidManifest.xml:24:9-28:63
175            android:name="androidx.room.MultiInstanceInvalidationService"
175-->[androidx.room:room-runtime:2.6.1] AndroidManifest.xml:25:13-74
176            android:directBootAware="true"
176-->[androidx.room:room-runtime:2.6.1] AndroidManifest.xml:26:13-43
177            android:exported="false" />
177-->[androidx.room:room-runtime:2.6.1] AndroidManifest.xml:27:13-37
178
179        <receiver
179-->[androidx.profileinstaller:profileinstaller:1.3.1] AndroidManifest.xml:34:9-52:20
180            android:name="androidx.profileinstaller.ProfileInstallReceiver"
180-->[androidx.profileinstaller:profileinstaller:1.3.1] AndroidManifest.xml:35:13-76
181            android:directBootAware="false"
181-->[androidx.profileinstaller:profileinstaller:1.3.1] AndroidManifest.xml:36:13-44
182            android:enabled="true"
182-->[androidx.profileinstaller:profileinstaller:1.3.1] AndroidManifest.xml:37:13-35
183            android:exported="true"
183-->[androidx.profileinstaller:profileinstaller:1.3.1] AndroidManifest.xml:38:13-36
184            android:permission="android.permission.DUMP" >
184-->[androidx.profileinstaller:profileinstaller:1.3.1] AndroidManifest.xml:39:13-57
185            <intent-filter>
185-->[androidx.profileinstaller:profileinstaller:1.3.1] AndroidManifest.xml:40:13-42:29
186                <action android:name="androidx.profileinstaller.action.INSTALL_PROFILE" />
186-->[androidx.profileinstaller:profileinstaller:1.3.1] AndroidManifest.xml:41:17-91
186-->[androidx.profileinstaller:profileinstaller:1.3.1] AndroidManifest.xml:41:25-88
187            </intent-filter>
188            <intent-filter>
188-->[androidx.profileinstaller:profileinstaller:1.3.1] AndroidManifest.xml:43:13-45:29
189                <action android:name="androidx.profileinstaller.action.SKIP_FILE" />
189-->[androidx.profileinstaller:profileinstaller:1.3.1] AndroidManifest.xml:44:17-85
189-->[androidx.profileinstaller:profileinstaller:1.3.1] AndroidManifest.xml:44:25-82
190            </intent-filter>
191            <intent-filter>
191-->[androidx.profileinstaller:profileinstaller:1.3.1] AndroidManifest.xml:46:13-48:29
192                <action android:name="androidx.profileinstaller.action.SAVE_PROFILE" />
192-->[androidx.profileinstaller:profileinstaller:1.3.1] AndroidManifest.xml:47:17-88
192-->[androidx.profileinstaller:profileinstaller:1.3.1] AndroidManifest.xml:47:25-85
193            </intent-filter>
194            <intent-filter>
194-->[androidx.profileinstaller:profileinstaller:1.3.1] AndroidManifest.xml:49:13-51:29
195                <action android:name="androidx.profileinstaller.action.BENCHMARK_OPERATION" />
195-->[androidx.profileinstaller:profileinstaller:1.3.1] AndroidManifest.xml:50:17-95
195-->[androidx.profileinstaller:profileinstaller:1.3.1] AndroidManifest.xml:50:25-92
196            </intent-filter>
197        </receiver>
198    </application>
199
200</manifest>